<?xml version="1.0" encoding="UTF-8"?>
<!-- Generated by org.testng.reporters.JUnitReportReporter -->
<testsuite hostname="VIJAY" failures="0" tests="8" name="com.TestngProject.Flipkart" time="13.573" errors="0" timestamp="2023-01-11T11:42:12 IST" skipped="0">
  <testcase classname="com.TestngProject.Flipkart" name="searchProduct" time="0.165"/>
  <system-out/>
  <testcase classname="com.TestngProject.Flipkart" name="clickSecondProduct" time="1.511"/>
  <system-out/>
  <testcase classname="com.TestngProject.Flipkart" name="takeScreenshot" time="0.236"/>
  <system-out/>
  <testcase classname="com.TestngProject.Flipkart" name="clickFirstProduct" time="11.281"/>
  <system-out/>
  <testcase classname="com.TestngProject.Flipkart" name="goCart" time="0.065"/>
  <system-out/>
  <testcase classname="com.TestngProject.Flipkart" name="getCartPrice" time="0.314"/>
  <system-out/>
  <testcase classname="com.TestngProject.Flipkart" name="selectedProductTotalPrice" time="0.001"/>
  <system-out/>
  <testcase classname="com.TestngProject.Flipkart" name="priceComparision" time="0.000"/>
  <system-out/>
</testsuite> <!-- com.TestngProject.Flipkart -->
