<?xml version="1.0" encoding="UTF-8"?>
<!-- Generated by org.testng.reporters.JUnitReportReporter -->
<testsuite hostname="VIJAY" failures="0" tests="5" name="com.TestngProject.Facebook" time="26.155" errors="0" timestamp="2023-01-11T10:53:59 IST" skipped="0">
  <testcase classname="com.TestngProject.Facebook" name="loginPage" time="5.263"/>
  <system-out/>
  <testcase classname="com.TestngProject.Facebook" name="createAccount" time="14.911"/>
  <system-out/>
  <testcase classname="com.TestngProject.Facebook" name="titleCheck" time="5.037"/>
  <system-out/>
  <testcase classname="com.TestngProject.Facebook" name="createaccountErrormsg" time="0.627"/>
  <system-out/>
  <testcase classname="com.TestngProject.Facebook" name="errormsgCapture" time="0.317"/>
  <system-out/>
</testsuite> <!-- com.TestngProject.Facebook -->
