<?xml version="1.0" encoding="UTF-8"?>
<!-- Generated by org.testng.reporters.JUnitReportReporter -->
<testsuite hostname="VIJAY" failures="0" tests="12" name="com.TestngProject.Cowin" time="18.777" errors="0" timestamp="2023-01-11T14:49:46 IST" skipped="0">
  <testcase classname="com.TestngProject.Cowin" name="scroll" time="0.041"/>
  <system-out/>
  <testcase classname="com.TestngProject.Cowin" name="selectState" time="4.135"/>
  <system-out/>
  <testcase classname="com.TestngProject.Cowin" name="takeScreenshot" time="0.408"/>
  <system-out/>
  <testcase classname="com.TestngProject.Cowin" name="showingResultsOptions" time="0.137"/>
  <system-out/>
  <testcase classname="com.TestngProject.Cowin" name="searchResultCentre" time="0.039"/>
  <system-out/>
  <testcase classname="com.TestngProject.Cowin" name="choosedOptions" time="9.451"/>
  <system-out/>
  <testcase classname="com.TestngProject.Cowin" name="selectDisrict" time="0.297"/>
  <system-out/>
  <testcase classname="com.TestngProject.Cowin" name="search" time="3.081"/>
  <system-out/>
  <testcase classname="com.TestngProject.Cowin" name="showingResults" time="0.117"/>
  <system-out/>
  <testcase classname="com.TestngProject.Cowin" name="checkShowingResults" time="0.001"/>
  <system-out/>
  <testcase classname="com.TestngProject.Cowin" name="searchedCentre" time="0.310"/>
  <system-out/>
  <testcase classname="com.TestngProject.Cowin" name="checkSearchedCentreValues" time="0.760"/>
  <system-out/>
</testsuite> <!-- com.TestngProject.Cowin -->
