<?xml version="1.0" encoding="UTF-8"?>
<!-- Generated by org.testng.reporters.JUnitReportReporter -->
<testsuite hostname="VIJAY" failures="0" tests="5" name="com.WebTable.WebTable" time="76.661" errors="0" timestamp="2022-12-29T12:44:13 IST" skipped="0">
  <testcase classname="com.WebTable.WebTable" name="browserLaunch" time="6.260"/>
  <system-out/>
  <testcase classname="com.WebTable.WebTable" name="particularData" time="0.033"/>
  <system-out/>
  <testcase classname="com.WebTable.WebTable" name="rowWiseDetails" time="0.355"/>
  <system-out/>
  <testcase classname="com.WebTable.WebTable" name="columnWiseDetails" time="2.702"/>
  <system-out/>
  <testcase classname="com.WebTable.WebTable" name="allData" time="67.311"/>
  <system-out/>
</testsuite> <!-- com.WebTable.WebTable -->
