<?xml version="1.0" encoding="UTF-8"?>
<!-- Generated by org.testng.reporters.JUnitReportReporter -->
<testsuite hostname="VIJAY" failures="0" tests="3" name="com.MyntraProject.Amazon" time="6.130" errors="0" timestamp="2022-12-28T13:06:33 IST" skipped="0">
  <testcase classname="com.MyntraProject.Amazon" name="browserLaunch" time="4.925"/>
  <system-out/>
  <testcase classname="com.MyntraProject.Amazon" name="Product" time="0.765"/>
  <system-out/>
  <testcase classname="com.MyntraProject.Amazon" name="products" time="0.440"/>
  <system-out/>
</testsuite> <!-- com.MyntraProject.Amazon -->
