<?xml version="1.0" encoding="UTF-8"?>
<!-- Generated by org.testng.reporters.JUnitReportReporter -->
<testsuite hostname="VIJAY" failures="0" tests="6" name="com.MyntraProject.Myntra_Project" time="80.010" errors="0" timestamp="2023-01-07T15:46:18 IST" skipped="0">
  <testcase classname="com.MyntraProject.Myntra_Project" name="browserLaunch" time="78.767"/>
  <system-out/>
  <testcase classname="com.MyntraProject.Myntra_Project" name="mumberOfProducts" time="0.033"/>
  <system-out/>
  <testcase classname="com.MyntraProject.Myntra_Project" name="minimumPriceOfProduct" time="1.020"/>
  <system-out/>
  <testcase classname="com.MyntraProject.Myntra_Project" name="minimumPriceOfProductName" time="0.049"/>
  <system-out/>
  <testcase classname="com.MyntraProject.Myntra_Project" name="subProductNameOfMinimumPrice" time="0.094"/>
  <system-out/>
  <testcase classname="com.MyntraProject.Myntra_Project" name="productName_For_Given_Sub_ProductName" time="0.047"/>
  <system-out/>
</testsuite> <!-- com.MyntraProject.Myntra_Project -->
